<?xml version="1.0" encoding="UTF-8"?>
<!-- Generated by org.testng.reporters.JUnitReportReporter -->
<testsuite skipped="0" hostname="Ajitas-MBP.attlocal.net" name="com.crm.qa.testcases.LoginPageTest" tests="3" failures="0" timestamp="2020-10-01T11:49:21 CDT" time="46.887" errors="0">
  <testcase name="LoginPageTitleTest" time="12.386" classname="com.crm.qa.testcases.LoginPageTest"/>
  <system-out/>
  <testcase name="crmLogoImageTest" time="12.055" classname="com.crm.qa.testcases.LoginPageTest"/>
  <system-out/>
  <testcase name="clicklogInbtn" time="22.446" classname="com.crm.qa.testcases.LoginPageTest"/>
  <system-out/>
</testsuite> <!-- com.crm.qa.testcases.LoginPageTest -->
