<?xml version="1.0" encoding="UTF-8"?>
<!-- Generated by org.testng.reporters.JUnitReportReporter -->
<testsuite skipped="1" hostname="Ajitas-MBP.attlocal.net" name="com.crm.qa.testcases.NewContactPageTest" tests="1" failures="0" timestamp="30 Sep 2020 01:36:36 GMT" time="0.000" errors="0">
  <testcase name="validatenewcontactpage" time="0.000" classname="com.crm.qa.testcases.NewContactPageTest">
    <skipped/>
  </testcase> <!-- validatenewcontactpage -->
</testsuite> <!-- com.crm.qa.testcases.NewContactPageTest -->
