<?xml version="1.0" encoding="UTF-8"?>
<!-- Generated by org.testng.reporters.JUnitReportReporter -->
<testsuite skipped="0" hostname="Ajitas-MBP.attlocal.net" name="com.crm.qa.testcases.EmailPageTest" tests="1" failures="0" timestamp="30 Sep 2020 19:49:35 GMT" time="14.456" errors="0">
  <testcase name="EmailTest" time="14.456" classname="com.crm.qa.testcases.EmailPageTest"/>
</testsuite> <!-- com.crm.qa.testcases.EmailPageTest -->
