<?xml version="1.0" encoding="UTF-8"?>
<!-- Generated by org.testng.reporters.JUnitReportReporter -->
<testsuite skipped="0" hostname="Ajitas-MBP.attlocal.net" name="com.crm.qa.testcases.ContactsPageTest" tests="2" failures="0" timestamp="30 Sep 2020 19:49:35 GMT" time="53.848" errors="0">
  <testcase name="verifyContactsTest" time="29.551" classname="com.crm.qa.testcases.ContactsPageTest"/>
  <testcase name="verifyNewContact" time="24.297" classname="com.crm.qa.testcases.ContactsPageTest"/>
</testsuite> <!-- com.crm.qa.testcases.ContactsPageTest -->
