<?xml version="1.0" encoding="UTF-8"?>
<!-- Generated by org.testng.reporters.JUnitReportReporter -->
<testsuite hostname="Ajitas-MBP.attlocal.net" failures="0" tests="1" name="com.crm.qa.testcases.EmailPageTest" time="17.367" errors="0" timestamp="2020-10-01T12:12:12 CDT" skipped="0">
  <testcase classname="com.crm.qa.testcases.EmailPageTest" name="EmailTest" time="17.367"/>
  <system-out/>
</testsuite> <!-- com.crm.qa.testcases.EmailPageTest -->
