<?xml version="1.0" encoding="UTF-8"?>
<!-- Generated by org.testng.reporters.JUnitReportReporter -->
<testsuite hostname="Ajitas-MBP.attlocal.net" failures="0" tests="2" name="com.crm.qa.testcases.ContactsPageTest" time="54.948" errors="0" timestamp="2020-10-01T12:12:12 CDT" skipped="0">
  <testcase classname="com.crm.qa.testcases.ContactsPageTest" name="verifyContactsTest" time="30.326"/>
  <system-out/>
  <testcase classname="com.crm.qa.testcases.ContactsPageTest" name="verifyNewContact" time="24.622"/>
  <system-out/>
</testsuite> <!-- com.crm.qa.testcases.ContactsPageTest -->
