<?xml version="1.0" encoding="UTF-8"?>
<!-- Generated by org.testng.reporters.JUnitReportReporter -->
<testsuite hostname="Ajitas-MBP.attlocal.net" failures="0" tests="1" name="com.crm.qa.testcases.NewContactsPageTest" time="0.000" errors="0" timestamp="2020-10-01T12:12:12 CDT" skipped="1">
  <testcase classname="com.crm.qa.testcases.NewContactsPageTest" name="validatenewcontactpage" time="0.000">
    <skipped/>
  </testcase> <!-- validatenewcontactpage -->
  <system-out/>
</testsuite> <!-- com.crm.qa.testcases.NewContactsPageTest -->
