<?xml version="1.0" encoding="UTF-8"?>
<!-- Generated by org.testng.reporters.JUnitReportReporter -->
<testsuite hostname="Ajitas-MBP.attlocal.net" failures="0" tests="3" name="com.crm.qa.testcases.LoginPageTest" time="38.853" errors="0" timestamp="2020-10-01T12:12:12 CDT" skipped="0">
  <testcase classname="com.crm.qa.testcases.LoginPageTest" name="LoginPageTitleTest" time="12.130"/>
  <system-out/>
  <testcase classname="com.crm.qa.testcases.LoginPageTest" name="crmLogoImageTest" time="12.796"/>
  <system-out/>
  <testcase classname="com.crm.qa.testcases.LoginPageTest" name="clicklogInbtn" time="13.927"/>
  <system-out/>
</testsuite> <!-- com.crm.qa.testcases.LoginPageTest -->
